<?xml version="1.0" encoding="UTF-8"?>
<testng-results skipped="0" failed="0" ignored="1" total="2" passed="1">
  <reporter-output>
  </reporter-output>
  <suite name="Default suite" duration-ms="5705" started-at="2021-04-05T17:56:58Z" finished-at="2021-04-05T17:57:03Z">
    <groups>
    </groups>
    <test name="Default test" duration-ms="5705" started-at="2021-04-05T17:56:58Z" finished-at="2021-04-05T17:57:03Z">
      <class name="randomObjectOperations.deleteRandomObject">
        <test-method status="PASS" signature="deleteMultipleTodos()[pri:0, instance:randomObjectOperations.deleteRandomObject@c540f5a]" name="deleteMultipleTodos" duration-ms="5692" started-at="2021-04-05T13:56:58Z" finished-at="2021-04-05T13:57:03Z">
          <reporter-output>
          </reporter-output>
        </test-method> <!-- deleteMultipleTodos -->
      </class> <!-- randomObjectOperations.deleteRandomObject -->
    </test> <!-- Default test -->
  </suite> <!-- Default suite -->
</testng-results>
