<?xml version="1.0" encoding="UTF-8"?>
<!-- Generated by org.testng.reporters.JUnitXMLReporter -->
<testsuite hostname="Alexs-MacBook-Pro.local" ignored="1" name="Default test" tests="1" failures="0" timestamp="05 Apr 2021 17:57:09 GMT" time="5.705" errors="0">
  <testcase name="deleteMultipleTodos" time="5.692" classname="randomObjectOperations.deleteRandomObject"/>
  <testcase name="deleteSingleTodo" time="0.0" classname="randomObjectOperations.deleteRandomObject">
    <ignored/>
  </testcase> <!-- deleteSingleTodo -->
</testsuite> <!-- Default test -->
